<?xml version="1.0" encoding="UTF-8"?>
<!-- Generated by org.testng.reporters.JUnitReportReporter -->
<testsuite skipped="0" hostname="DESKTOP-1PI2UAV" name="newpackage.NewTest" tests="1" failures="0" timestamp="2020-06-27T12:24:05 IST" time="78.801" errors="0">
  <testcase name="f" time="78.801" classname="newpackage.NewTest"/>
  <system-out/>
</testsuite> <!-- newpackage.NewTest -->
